<?xml version="1.0" encoding="UTF-8"?>
<!-- Generated by org.testng.reporters.JUnitReportReporter -->
<testsuite hostname="LokeshBS" name="com.jsonsever.BDDAproach" tests="1" failures="0" timestamp="23 Jun 2020 06:52:14 GMT" time="5.877" errors="0">
  <testcase name="singleUsers" time="5.877" classname="com.jsonsever.BDDAproach"/>
</testsuite> <!-- com.jsonsever.BDDAproach -->
