<?xml version="1.0" encoding="UTF-8"?>
<!-- Generated by org.testng.reporters.JUnitReportReporter -->
<testsuite hostname="LokeshBS" name="com.jsonsever.DummyApiTest" tests="1" failures="0" timestamp="24 Jun 2020 05:54:58 GMT" time="3.253" errors="0">
  <testcase name="get_Employees" time="3.253" classname="com.jsonsever.DummyApiTest"/>
</testsuite> <!-- com.jsonsever.DummyApiTest -->
