<?xml version="1.0" encoding="UTF-8"?>
<!-- Generated by org.testng.reporters.JUnitReportReporter -->
<testsuite hostname="LokeshBS" name="com.jsonsever.createRepo" tests="1" failures="0" timestamp="23 Jun 2020 07:46:02 GMT" time="6.392" errors="0">
  <testcase name="createRepoWithToken" time="6.392" classname="com.jsonsever.createRepo"/>
</testsuite> <!-- com.jsonsever.createRepo -->
