<?xml version="1.0" encoding="UTF-8"?>
<!-- Generated by org.testng.reporters.JUnitReportReporter -->
<testsuite hostname="LokeshBS" name="com.jsonsever.CRUDOperations" tests="1" failures="0" timestamp="22 Jun 2020 06:11:58 GMT" time="3.248" errors="0">
  <testcase name="deletePosts" time="3.248" classname="com.jsonsever.CRUDOperations"/>
</testsuite> <!-- com.jsonsever.CRUDOperations -->
