<?xml version="1.0" encoding="UTF-8"?>
<!-- Generated by org.testng.reporters.JUnitReportReporter -->
<testsuite hostname="LokeshBS" name="com.jsonsever.BDDAproach$CRUDOperations" tests="1" failures="0" timestamp="23 Jun 2020 06:43:45 GMT" time="4.315" errors="0">
  <testcase name="listUsers" time="4.315" classname="com.jsonsever.BDDAproach$CRUDOperations"/>
</testsuite> <!-- com.jsonsever.BDDAproach$CRUDOperations -->
